<?xml version="1.0" encoding="UTF-8"?>
<robot generator="Robot 6.0.2 (Python 3.11.0 on win32)" generated="20241110 15:22:19.338" rpa="false" schemaversion="3">
<suite id="s1" name="Tests" source="C:\QAx\projects\robot-actions\tests">
<suite id="s1-s1" name="Login" source="C:\QAx\projects\robot-actions\tests\login.robot">
<test id="s1-s1-t1" name="Senha incorreta" line="10">
<kw name="Start Browser" library="base" type="SETUP">
<kw name="New Browser" library="Browser">
<arg>browser=${BROWSER}</arg>
<arg>headless=${IS_HEADLESS}</arg>
<tag>BrowserControl</tag>
<tag>Setter</tag>
<doc>Create a new playwright Browser with specified options.</doc>
<msg timestamp="20241110 15:22:19.729" level="INFO">{"browser": "chromium", "headless": true, "chromiumSandbox": false, "devtools": false, "handleSIGHUP": true, "handleSIGINT": true, "handleSIGTERM": true, "slowMo": 0.0, "timeout": 30000.0, "tracesDir": "C:\\QAx\\projects\\robot-actions\\log\\browser\\traces\\6f9a9429-d561-44e3-a690-8390e2b96399"}</msg>
<msg timestamp="20241110 15:22:19.755" level="INFO">Starting Browser process C:\Users\marce\AppData\Local\Programs\Python\Python311\Lib\site-packages\Browser\wrapper\index.js using port 64111</msg>
<msg timestamp="20241110 15:22:19.755" level="INFO">Node startup parameters: ['node', 'C:\\Users\\marce\\AppData\\Local\\Programs\\Python\\Python311\\Lib\\site-packages\\Browser\\wrapper\\index.js', '64111']</msg>
<msg timestamp="20241110 15:22:21.481" level="INFO">Successfully created browser with options: {"browser":"chromium","headless":true,"chromiumSandbox":false,"devtools":false,"handleSIGHUP":true,"handleSIGINT":true,"handleSIGTERM":true,"slowMo":0,"timeout":30000,"tracesDir":"C:\\QAx\\projects\\robot-actions\\log\\browser\\traces\\6f9a9429-d561-44e3-a690-8390e2b96399"}</msg>
<status status="PASS" starttime="20241110 15:22:19.727" endtime="20241110 15:22:21.481"/>
</kw>
<kw name="New Page" library="Browser">
<arg>${BASE_URL}</arg>
<tag>BrowserControl</tag>
<tag>Setter</tag>
<doc>Open a new Page.</doc>
<msg timestamp="20241110 15:22:22.625" level="INFO">Successfully initialized new page object and opened url: https://loginxp.vercel.app</msg>
<msg timestamp="20241110 15:22:22.625" level="INFO">No context was open. New context was automatically opened when this page is created.</msg>
<status status="PASS" starttime="20241110 15:22:21.481" endtime="20241110 15:22:22.626"/>
</kw>
<status status="PASS" starttime="20241110 15:22:19.727" endtime="20241110 15:22:22.626"/>
</kw>
<kw name="Submit Credentials" library="actions">
<arg>qa</arg>
<arg>123456</arg>
<kw name="Fill Text" library="Browser">
<arg>css=[name=user]</arg>
<arg>${user}</arg>
<tag>PageContent</tag>
<tag>Setter</tag>
<doc>Clears and fills the given ``txt`` into the text field found by ``selector``.</doc>
<msg timestamp="20241110 15:22:22.628" level="INFO">Fills the text 'qa' in the given field.</msg>
<status status="PASS" starttime="20241110 15:22:22.627" endtime="20241110 15:22:22.666"/>
</kw>
<kw name="Fill Text" library="Browser">
<arg>css=[name=pass]</arg>
<arg>${pass}</arg>
<tag>PageContent</tag>
<tag>Setter</tag>
<doc>Clears and fills the given ``txt`` into the text field found by ``selector``.</doc>
<msg timestamp="20241110 15:22:22.666" level="INFO">Fills the text '123456' in the given field.</msg>
<status status="PASS" starttime="20241110 15:22:22.666" endtime="20241110 15:22:22.682"/>
</kw>
<kw name="Click" library="Browser">
<arg>css=button &gt;&gt; text=Entrar</arg>
<tag>PageContent</tag>
<tag>Setter</tag>
<doc>Simulates mouse click on the element found by ``selector``.</doc>
<msg timestamp="20241110 15:22:22.683" level="INFO">Clicks the element 'css=button &gt;&gt; text=Entrar'.</msg>
<status status="PASS" starttime="20241110 15:22:22.682" endtime="20241110 15:22:22.733"/>
</kw>
<status status="PASS" starttime="20241110 15:22:22.627" endtime="20241110 15:22:22.733"/>
</kw>
<kw name="Toast have text" library="actions">
<arg>Oops! Credenciais inválidas :(</arg>
<kw name="Set Variable" library="BuiltIn">
<var>${selector}</var>
<arg>div[role=status]</arg>
<doc>Returns the given values which can then be assigned to a variables.</doc>
<msg timestamp="20241110 15:22:22.734" level="INFO">${selector} = div[role=status]</msg>
<status status="PASS" starttime="20241110 15:22:22.734" endtime="20241110 15:22:22.734"/>
</kw>
<kw name="Wait For Elements State" library="Browser">
<arg>css=${selector}</arg>
<arg>visible</arg>
<arg>5</arg>
<tag>PageContent</tag>
<tag>Wait</tag>
<doc>Waits for the element found by ``selector`` to satisfy state option.</doc>
<msg timestamp="20241110 15:22:22.745" level="INFO">Waited for Element with selector css=div[role=status] at state visible</msg>
<status status="PASS" starttime="20241110 15:22:22.734" endtime="20241110 15:22:22.745"/>
</kw>
<kw name="Get Text" library="Browser">
<arg>css=${selector}</arg>
<arg>equal</arg>
<arg>${target}</arg>
<tag>Assertion</tag>
<tag>Getter</tag>
<tag>PageContent</tag>
<doc>Returns text attribute of the element found by ``selector``.</doc>
<msg timestamp="20241110 15:22:22.786" level="INFO">Text: 'Oops! Credenciais inválidas :('</msg>
<status status="PASS" starttime="20241110 15:22:22.745" endtime="20241110 15:22:22.786"/>
</kw>
<kw name="Take Screenshot" library="Browser">
<arg>selector=${selector}</arg>
<tag>PageContent</tag>
<doc>Takes a screenshot of the current window or element and saves it to disk.</doc>
<msg timestamp="20241110 15:22:23.250" level="INFO" html="true">&lt;/td&gt;&lt;/tr&gt;&lt;tr&gt;&lt;td colspan="3"&gt;&lt;a href="browser/screenshot/robotframework-browser-screenshot-1.png" target="_blank"&gt;&lt;img src="browser/screenshot/robotframework-browser-screenshot-1.png" width="800px"/&gt;&lt;/a&gt;</msg>
<status status="PASS" starttime="20241110 15:22:22.786" endtime="20241110 15:22:23.250"/>
</kw>
<status status="PASS" starttime="20241110 15:22:22.734" endtime="20241110 15:22:23.250"/>
</kw>
<kw name="Finish Browser" library="base" type="TEARDOWN">
<kw name="Take Screenshot" library="Browser">
<arg>fullPage=true</arg>
<tag>PageContent</tag>
<doc>Takes a screenshot of the current window or element and saves it to disk.</doc>
<msg timestamp="20241110 15:22:23.444" level="INFO" html="true">&lt;/td&gt;&lt;/tr&gt;&lt;tr&gt;&lt;td colspan="3"&gt;&lt;a href="browser/screenshot/robotframework-browser-screenshot-2.png" target="_blank"&gt;&lt;img src="browser/screenshot/robotframework-browser-screenshot-2.png" width="800px"/&gt;&lt;/a&gt;</msg>
<status status="PASS" starttime="20241110 15:22:23.251" endtime="20241110 15:22:23.444"/>
</kw>
<status status="PASS" starttime="20241110 15:22:23.251" endtime="20241110 15:22:23.444"/>
</kw>
<status status="PASS" starttime="20241110 15:22:19.726" endtime="20241110 15:22:23.445"/>
</test>
<test id="s1-s1-t2" name="Usuário não cadastrado" line="14">
<kw name="Start Browser" library="base" type="SETUP">
<kw name="New Browser" library="Browser">
<arg>browser=${BROWSER}</arg>
<arg>headless=${IS_HEADLESS}</arg>
<tag>BrowserControl</tag>
<tag>Setter</tag>
<doc>Create a new playwright Browser with specified options.</doc>
<msg timestamp="20241110 15:22:23.491" level="INFO">Switching browser to browser=5c0340b4-ad12-4013-ba4e-566381247b8f</msg>
<msg timestamp="20241110 15:22:23.493" level="INFO">Successfully changed active browser: browser=5c0340b4-ad12-4013-ba4e-566381247b8f</msg>
<msg timestamp="20241110 15:22:23.493" level="INFO">Reusing existing browser with id: browser=5c0340b4-ad12-4013-ba4e-566381247b8f</msg>
<status status="PASS" starttime="20241110 15:22:23.491" endtime="20241110 15:22:23.493"/>
</kw>
<kw name="New Page" library="Browser">
<arg>${BASE_URL}</arg>
<tag>BrowserControl</tag>
<tag>Setter</tag>
<doc>Open a new Page.</doc>
<msg timestamp="20241110 15:22:24.423" level="INFO">Successfully initialized new page object and opened url: https://loginxp.vercel.app</msg>
<msg timestamp="20241110 15:22:24.423" level="INFO">No context was open. New context was automatically opened when this page is created.</msg>
<status status="PASS" starttime="20241110 15:22:23.493" endtime="20241110 15:22:24.424"/>
</kw>
<status status="PASS" starttime="20241110 15:22:23.490" endtime="20241110 15:22:24.424"/>
</kw>
<kw name="Submit Credentials" library="actions">
<arg>teste123</arg>
<arg>123456</arg>
<kw name="Fill Text" library="Browser">
<arg>css=[name=user]</arg>
<arg>${user}</arg>
<tag>PageContent</tag>
<tag>Setter</tag>
<doc>Clears and fills the given ``txt`` into the text field found by ``selector``.</doc>
<msg timestamp="20241110 15:22:24.425" level="INFO">Fills the text 'teste123' in the given field.</msg>
<status status="PASS" starttime="20241110 15:22:24.425" endtime="20241110 15:22:24.475"/>
</kw>
<kw name="Fill Text" library="Browser">
<arg>css=[name=pass]</arg>
<arg>${pass}</arg>
<tag>PageContent</tag>
<tag>Setter</tag>
<doc>Clears and fills the given ``txt`` into the text field found by ``selector``.</doc>
<msg timestamp="20241110 15:22:24.475" level="INFO">Fills the text '123456' in the given field.</msg>
<status status="PASS" starttime="20241110 15:22:24.475" endtime="20241110 15:22:24.493"/>
</kw>
<kw name="Click" library="Browser">
<arg>css=button &gt;&gt; text=Entrar</arg>
<tag>PageContent</tag>
<tag>Setter</tag>
<doc>Simulates mouse click on the element found by ``selector``.</doc>
<msg timestamp="20241110 15:22:24.494" level="INFO">Clicks the element 'css=button &gt;&gt; text=Entrar'.</msg>
<status status="PASS" starttime="20241110 15:22:24.493" endtime="20241110 15:22:24.547"/>
</kw>
<status status="PASS" starttime="20241110 15:22:24.424" endtime="20241110 15:22:24.547"/>
</kw>
<kw name="Toast have text" library="actions">
<arg>Oops! Credenciais inválidas :(</arg>
<kw name="Set Variable" library="BuiltIn">
<var>${selector}</var>
<arg>div[role=status]</arg>
<doc>Returns the given values which can then be assigned to a variables.</doc>
<msg timestamp="20241110 15:22:24.548" level="INFO">${selector} = div[role=status]</msg>
<status status="PASS" starttime="20241110 15:22:24.548" endtime="20241110 15:22:24.548"/>
</kw>
<kw name="Wait For Elements State" library="Browser">
<arg>css=${selector}</arg>
<arg>visible</arg>
<arg>5</arg>
<tag>PageContent</tag>
<tag>Wait</tag>
<doc>Waits for the element found by ``selector`` to satisfy state option.</doc>
<msg timestamp="20241110 15:22:24.555" level="INFO">Waited for Element with selector css=div[role=status] at state visible</msg>
<status status="PASS" starttime="20241110 15:22:24.548" endtime="20241110 15:22:24.555"/>
</kw>
<kw name="Get Text" library="Browser">
<arg>css=${selector}</arg>
<arg>equal</arg>
<arg>${target}</arg>
<tag>Assertion</tag>
<tag>Getter</tag>
<tag>PageContent</tag>
<doc>Returns text attribute of the element found by ``selector``.</doc>
<msg timestamp="20241110 15:22:24.575" level="INFO">Text: 'Oops! Credenciais inválidas :('</msg>
<status status="PASS" starttime="20241110 15:22:24.555" endtime="20241110 15:22:24.575"/>
</kw>
<kw name="Take Screenshot" library="Browser">
<arg>selector=${selector}</arg>
<tag>PageContent</tag>
<doc>Takes a screenshot of the current window or element and saves it to disk.</doc>
<msg timestamp="20241110 15:22:25.022" level="INFO" html="true">&lt;/td&gt;&lt;/tr&gt;&lt;tr&gt;&lt;td colspan="3"&gt;&lt;a href="browser/screenshot/robotframework-browser-screenshot-3.png" target="_blank"&gt;&lt;img src="browser/screenshot/robotframework-browser-screenshot-3.png" width="800px"/&gt;&lt;/a&gt;</msg>
<status status="PASS" starttime="20241110 15:22:24.575" endtime="20241110 15:22:25.022"/>
</kw>
<status status="PASS" starttime="20241110 15:22:24.548" endtime="20241110 15:22:25.022"/>
</kw>
<kw name="Finish Browser" library="base" type="TEARDOWN">
<kw name="Take Screenshot" library="Browser">
<arg>fullPage=true</arg>
<tag>PageContent</tag>
<doc>Takes a screenshot of the current window or element and saves it to disk.</doc>
<msg timestamp="20241110 15:22:25.196" level="INFO" html="true">&lt;/td&gt;&lt;/tr&gt;&lt;tr&gt;&lt;td colspan="3"&gt;&lt;a href="browser/screenshot/robotframework-browser-screenshot-4.png" target="_blank"&gt;&lt;img src="browser/screenshot/robotframework-browser-screenshot-4.png" width="800px"/&gt;&lt;/a&gt;</msg>
<status status="PASS" starttime="20241110 15:22:25.023" endtime="20241110 15:22:25.196"/>
</kw>
<status status="PASS" starttime="20241110 15:22:25.023" endtime="20241110 15:22:25.196"/>
</kw>
<status status="PASS" starttime="20241110 15:22:23.486" endtime="20241110 15:22:25.197"/>
</test>
<test id="s1-s1-t3" name="Usuário deve ser obrigatório" line="18">
<kw name="Start Browser" library="base" type="SETUP">
<kw name="New Browser" library="Browser">
<arg>browser=${BROWSER}</arg>
<arg>headless=${IS_HEADLESS}</arg>
<tag>BrowserControl</tag>
<tag>Setter</tag>
<doc>Create a new playwright Browser with specified options.</doc>
<msg timestamp="20241110 15:22:25.239" level="INFO">Switching browser to browser=5c0340b4-ad12-4013-ba4e-566381247b8f</msg>
<msg timestamp="20241110 15:22:25.239" level="INFO">Successfully changed active browser: browser=5c0340b4-ad12-4013-ba4e-566381247b8f</msg>
<msg timestamp="20241110 15:22:25.239" level="INFO">Reusing existing browser with id: browser=5c0340b4-ad12-4013-ba4e-566381247b8f</msg>
<status status="PASS" starttime="20241110 15:22:25.239" endtime="20241110 15:22:25.239"/>
</kw>
<kw name="New Page" library="Browser">
<arg>${BASE_URL}</arg>
<tag>BrowserControl</tag>
<tag>Setter</tag>
<doc>Open a new Page.</doc>
<msg timestamp="20241110 15:22:26.038" level="INFO">Successfully initialized new page object and opened url: https://loginxp.vercel.app</msg>
<msg timestamp="20241110 15:22:26.038" level="INFO">No context was open. New context was automatically opened when this page is created.</msg>
<status status="PASS" starttime="20241110 15:22:25.239" endtime="20241110 15:22:26.038"/>
</kw>
<status status="PASS" starttime="20241110 15:22:25.239" endtime="20241110 15:22:26.038"/>
</kw>
<kw name="Submit Credentials" library="actions">
<arg>${EMPTY}</arg>
<arg>123456</arg>
<kw name="Fill Text" library="Browser">
<arg>css=[name=user]</arg>
<arg>${user}</arg>
<tag>PageContent</tag>
<tag>Setter</tag>
<doc>Clears and fills the given ``txt`` into the text field found by ``selector``.</doc>
<msg timestamp="20241110 15:22:26.040" level="INFO">Fills the text '' in the given field.</msg>
<status status="PASS" starttime="20241110 15:22:26.040" endtime="20241110 15:22:26.071"/>
</kw>
<kw name="Fill Text" library="Browser">
<arg>css=[name=pass]</arg>
<arg>${pass}</arg>
<tag>PageContent</tag>
<tag>Setter</tag>
<doc>Clears and fills the given ``txt`` into the text field found by ``selector``.</doc>
<msg timestamp="20241110 15:22:26.071" level="INFO">Fills the text '123456' in the given field.</msg>
<status status="PASS" starttime="20241110 15:22:26.071" endtime="20241110 15:22:26.084"/>
</kw>
<kw name="Click" library="Browser">
<arg>css=button &gt;&gt; text=Entrar</arg>
<tag>PageContent</tag>
<tag>Setter</tag>
<doc>Simulates mouse click on the element found by ``selector``.</doc>
<msg timestamp="20241110 15:22:26.084" level="INFO">Clicks the element 'css=button &gt;&gt; text=Entrar'.</msg>
<status status="PASS" starttime="20241110 15:22:26.084" endtime="20241110 15:22:26.137"/>
</kw>
<status status="PASS" starttime="20241110 15:22:26.039" endtime="20241110 15:22:26.138"/>
</kw>
<kw name="Toast have text" library="actions">
<arg>Informe o seu nome de usuário!</arg>
<kw name="Set Variable" library="BuiltIn">
<var>${selector}</var>
<arg>div[role=status]</arg>
<doc>Returns the given values which can then be assigned to a variables.</doc>
<msg timestamp="20241110 15:22:26.139" level="INFO">${selector} = div[role=status]</msg>
<status status="PASS" starttime="20241110 15:22:26.138" endtime="20241110 15:22:26.139"/>
</kw>
<kw name="Wait For Elements State" library="Browser">
<arg>css=${selector}</arg>
<arg>visible</arg>
<arg>5</arg>
<tag>PageContent</tag>
<tag>Wait</tag>
<doc>Waits for the element found by ``selector`` to satisfy state option.</doc>
<msg timestamp="20241110 15:22:26.147" level="INFO">Waited for Element with selector css=div[role=status] at state visible</msg>
<status status="PASS" starttime="20241110 15:22:26.139" endtime="20241110 15:22:26.147"/>
</kw>
<kw name="Get Text" library="Browser">
<arg>css=${selector}</arg>
<arg>equal</arg>
<arg>${target}</arg>
<tag>Assertion</tag>
<tag>Getter</tag>
<tag>PageContent</tag>
<doc>Returns text attribute of the element found by ``selector``.</doc>
<msg timestamp="20241110 15:22:26.168" level="INFO">Text: 'Informe o seu nome de usuário!'</msg>
<status status="PASS" starttime="20241110 15:22:26.147" endtime="20241110 15:22:26.168"/>
</kw>
<kw name="Take Screenshot" library="Browser">
<arg>selector=${selector}</arg>
<tag>PageContent</tag>
<doc>Takes a screenshot of the current window or element and saves it to disk.</doc>
<msg timestamp="20241110 15:22:26.614" level="INFO" html="true">&lt;/td&gt;&lt;/tr&gt;&lt;tr&gt;&lt;td colspan="3"&gt;&lt;a href="browser/screenshot/robotframework-browser-screenshot-5.png" target="_blank"&gt;&lt;img src="browser/screenshot/robotframework-browser-screenshot-5.png" width="800px"/&gt;&lt;/a&gt;</msg>
<status status="PASS" starttime="20241110 15:22:26.169" endtime="20241110 15:22:26.614"/>
</kw>
<status status="PASS" starttime="20241110 15:22:26.138" endtime="20241110 15:22:26.614"/>
</kw>
<kw name="Finish Browser" library="base" type="TEARDOWN">
<kw name="Take Screenshot" library="Browser">
<arg>fullPage=true</arg>
<tag>PageContent</tag>
<doc>Takes a screenshot of the current window or element and saves it to disk.</doc>
<msg timestamp="20241110 15:22:26.792" level="INFO" html="true">&lt;/td&gt;&lt;/tr&gt;&lt;tr&gt;&lt;td colspan="3"&gt;&lt;a href="browser/screenshot/robotframework-browser-screenshot-6.png" target="_blank"&gt;&lt;img src="browser/screenshot/robotframework-browser-screenshot-6.png" width="800px"/&gt;&lt;/a&gt;</msg>
<status status="PASS" starttime="20241110 15:22:26.615" endtime="20241110 15:22:26.792"/>
</kw>
<status status="PASS" starttime="20241110 15:22:26.615" endtime="20241110 15:22:26.792"/>
</kw>
<status status="PASS" starttime="20241110 15:22:25.234" endtime="20241110 15:22:26.793"/>
</test>
<test id="s1-s1-t4" name="Senha deve ser obrigatória" line="22">
<kw name="Start Browser" library="base" type="SETUP">
<kw name="New Browser" library="Browser">
<arg>browser=${BROWSER}</arg>
<arg>headless=${IS_HEADLESS}</arg>
<tag>BrowserControl</tag>
<tag>Setter</tag>
<doc>Create a new playwright Browser with specified options.</doc>
<msg timestamp="20241110 15:22:26.829" level="INFO">Switching browser to browser=5c0340b4-ad12-4013-ba4e-566381247b8f</msg>
<msg timestamp="20241110 15:22:26.831" level="INFO">Successfully changed active browser: browser=5c0340b4-ad12-4013-ba4e-566381247b8f</msg>
<msg timestamp="20241110 15:22:26.831" level="INFO">Reusing existing browser with id: browser=5c0340b4-ad12-4013-ba4e-566381247b8f</msg>
<status status="PASS" starttime="20241110 15:22:26.828" endtime="20241110 15:22:26.831"/>
</kw>
<kw name="New Page" library="Browser">
<arg>${BASE_URL}</arg>
<tag>BrowserControl</tag>
<tag>Setter</tag>
<doc>Open a new Page.</doc>
<msg timestamp="20241110 15:22:27.475" level="INFO">Successfully initialized new page object and opened url: https://loginxp.vercel.app</msg>
<msg timestamp="20241110 15:22:27.475" level="INFO">No context was open. New context was automatically opened when this page is created.</msg>
<status status="PASS" starttime="20241110 15:22:26.831" endtime="20241110 15:22:27.475"/>
</kw>
<status status="PASS" starttime="20241110 15:22:26.828" endtime="20241110 15:22:27.476"/>
</kw>
<kw name="Submit Credentials" library="actions">
<arg>teste123</arg>
<arg>${EMPTY}</arg>
<kw name="Fill Text" library="Browser">
<arg>css=[name=user]</arg>
<arg>${user}</arg>
<tag>PageContent</tag>
<tag>Setter</tag>
<doc>Clears and fills the given ``txt`` into the text field found by ``selector``.</doc>
<msg timestamp="20241110 15:22:27.478" level="INFO">Fills the text 'teste123' in the given field.</msg>
<status status="PASS" starttime="20241110 15:22:27.478" endtime="20241110 15:22:27.511"/>
</kw>
<kw name="Fill Text" library="Browser">
<arg>css=[name=pass]</arg>
<arg>${pass}</arg>
<tag>PageContent</tag>
<tag>Setter</tag>
<doc>Clears and fills the given ``txt`` into the text field found by ``selector``.</doc>
<msg timestamp="20241110 15:22:27.511" level="INFO">Fills the text '' in the given field.</msg>
<status status="PASS" starttime="20241110 15:22:27.511" endtime="20241110 15:22:27.523"/>
</kw>
<kw name="Click" library="Browser">
<arg>css=button &gt;&gt; text=Entrar</arg>
<tag>PageContent</tag>
<tag>Setter</tag>
<doc>Simulates mouse click on the element found by ``selector``.</doc>
<msg timestamp="20241110 15:22:27.523" level="INFO">Clicks the element 'css=button &gt;&gt; text=Entrar'.</msg>
<status status="PASS" starttime="20241110 15:22:27.523" endtime="20241110 15:22:27.575"/>
</kw>
<status status="PASS" starttime="20241110 15:22:27.476" endtime="20241110 15:22:27.575"/>
</kw>
<kw name="Toast have text" library="actions">
<arg>Informe a sua senha secreta!</arg>
<kw name="Set Variable" library="BuiltIn">
<var>${selector}</var>
<arg>div[role=status]</arg>
<doc>Returns the given values which can then be assigned to a variables.</doc>
<msg timestamp="20241110 15:22:27.576" level="INFO">${selector} = div[role=status]</msg>
<status status="PASS" starttime="20241110 15:22:27.576" endtime="20241110 15:22:27.576"/>
</kw>
<kw name="Wait For Elements State" library="Browser">
<arg>css=${selector}</arg>
<arg>visible</arg>
<arg>5</arg>
<tag>PageContent</tag>
<tag>Wait</tag>
<doc>Waits for the element found by ``selector`` to satisfy state option.</doc>
<msg timestamp="20241110 15:22:27.585" level="INFO">Waited for Element with selector css=div[role=status] at state visible</msg>
<status status="PASS" starttime="20241110 15:22:27.576" endtime="20241110 15:22:27.585"/>
</kw>
<kw name="Get Text" library="Browser">
<arg>css=${selector}</arg>
<arg>equal</arg>
<arg>${target}</arg>
<tag>Assertion</tag>
<tag>Getter</tag>
<tag>PageContent</tag>
<doc>Returns text attribute of the element found by ``selector``.</doc>
<msg timestamp="20241110 15:22:27.606" level="INFO">Text: 'Informe a sua senha secreta!'</msg>
<status status="PASS" starttime="20241110 15:22:27.585" endtime="20241110 15:22:27.606"/>
</kw>
<kw name="Take Screenshot" library="Browser">
<arg>selector=${selector}</arg>
<tag>PageContent</tag>
<doc>Takes a screenshot of the current window or element and saves it to disk.</doc>
<msg timestamp="20241110 15:22:28.047" level="INFO" html="true">&lt;/td&gt;&lt;/tr&gt;&lt;tr&gt;&lt;td colspan="3"&gt;&lt;a href="browser/screenshot/robotframework-browser-screenshot-7.png" target="_blank"&gt;&lt;img src="browser/screenshot/robotframework-browser-screenshot-7.png" width="800px"/&gt;&lt;/a&gt;</msg>
<status status="PASS" starttime="20241110 15:22:27.606" endtime="20241110 15:22:28.047"/>
</kw>
<status status="PASS" starttime="20241110 15:22:27.575" endtime="20241110 15:22:28.048"/>
</kw>
<kw name="Finish Browser" library="base" type="TEARDOWN">
<kw name="Take Screenshot" library="Browser">
<arg>fullPage=true</arg>
<tag>PageContent</tag>
<doc>Takes a screenshot of the current window or element and saves it to disk.</doc>
<msg timestamp="20241110 15:22:28.232" level="INFO" html="true">&lt;/td&gt;&lt;/tr&gt;&lt;tr&gt;&lt;td colspan="3"&gt;&lt;a href="browser/screenshot/robotframework-browser-screenshot-8.png" target="_blank"&gt;&lt;img src="browser/screenshot/robotframework-browser-screenshot-8.png" width="800px"/&gt;&lt;/a&gt;</msg>
<status status="PASS" starttime="20241110 15:22:28.049" endtime="20241110 15:22:28.232"/>
</kw>
<status status="PASS" starttime="20241110 15:22:28.048" endtime="20241110 15:22:28.232"/>
</kw>
<status status="PASS" starttime="20241110 15:22:26.824" endtime="20241110 15:22:28.232"/>
</test>
<test id="s1-s1-t5" name="Login com sucesso" line="26">
<kw name="Start Browser" library="base" type="SETUP">
<kw name="New Browser" library="Browser">
<arg>browser=${BROWSER}</arg>
<arg>headless=${IS_HEADLESS}</arg>
<tag>BrowserControl</tag>
<tag>Setter</tag>
<doc>Create a new playwright Browser with specified options.</doc>
<msg timestamp="20241110 15:22:28.275" level="INFO">Switching browser to browser=5c0340b4-ad12-4013-ba4e-566381247b8f</msg>
<msg timestamp="20241110 15:22:28.278" level="INFO">Successfully changed active browser: browser=5c0340b4-ad12-4013-ba4e-566381247b8f</msg>
<msg timestamp="20241110 15:22:28.278" level="INFO">Reusing existing browser with id: browser=5c0340b4-ad12-4013-ba4e-566381247b8f</msg>
<status status="PASS" starttime="20241110 15:22:28.274" endtime="20241110 15:22:28.278"/>
</kw>
<kw name="New Page" library="Browser">
<arg>${BASE_URL}</arg>
<tag>BrowserControl</tag>
<tag>Setter</tag>
<doc>Open a new Page.</doc>
<msg timestamp="20241110 15:22:28.902" level="INFO">Successfully initialized new page object and opened url: https://loginxp.vercel.app</msg>
<msg timestamp="20241110 15:22:28.902" level="INFO">No context was open. New context was automatically opened when this page is created.</msg>
<status status="PASS" starttime="20241110 15:22:28.278" endtime="20241110 15:22:28.902"/>
</kw>
<status status="PASS" starttime="20241110 15:22:28.274" endtime="20241110 15:22:28.903"/>
</kw>
<kw name="Submit Credentials" library="actions">
<arg>qa</arg>
<arg>xperience</arg>
<kw name="Fill Text" library="Browser">
<arg>css=[name=user]</arg>
<arg>${user}</arg>
<tag>PageContent</tag>
<tag>Setter</tag>
<doc>Clears and fills the given ``txt`` into the text field found by ``selector``.</doc>
<msg timestamp="20241110 15:22:28.904" level="INFO">Fills the text 'qa' in the given field.</msg>
<status status="PASS" starttime="20241110 15:22:28.903" endtime="20241110 15:22:28.937"/>
</kw>
<kw name="Fill Text" library="Browser">
<arg>css=[name=pass]</arg>
<arg>${pass}</arg>
<tag>PageContent</tag>
<tag>Setter</tag>
<doc>Clears and fills the given ``txt`` into the text field found by ``selector``.</doc>
<msg timestamp="20241110 15:22:28.937" level="INFO">Fills the text 'xperience' in the given field.</msg>
<status status="PASS" starttime="20241110 15:22:28.937" endtime="20241110 15:22:28.950"/>
</kw>
<kw name="Click" library="Browser">
<arg>css=button &gt;&gt; text=Entrar</arg>
<tag>PageContent</tag>
<tag>Setter</tag>
<doc>Simulates mouse click on the element found by ``selector``.</doc>
<msg timestamp="20241110 15:22:28.951" level="INFO">Clicks the element 'css=button &gt;&gt; text=Entrar'.</msg>
<status status="PASS" starttime="20241110 15:22:28.950" endtime="20241110 15:22:29.002"/>
</kw>
<status status="PASS" starttime="20241110 15:22:28.903" endtime="20241110 15:22:29.003"/>
</kw>
<kw name=" Modal have text" library="actions">
<arg>Tudo certo!</arg>
<kw name="Set Variable" library="BuiltIn">
<var>${ele}</var>
<arg>css=#swal2-title</arg>
<doc>Returns the given values which can then be assigned to a variables.</doc>
<msg timestamp="20241110 15:22:29.004" level="INFO">${ele} = css=#swal2-title</msg>
<status status="PASS" starttime="20241110 15:22:29.004" endtime="20241110 15:22:29.004"/>
</kw>
<kw name="Wait For Elements State" library="Browser">
<arg>${ele}</arg>
<arg>visible</arg>
<arg>5</arg>
<tag>PageContent</tag>
<tag>Wait</tag>
<doc>Waits for the element found by ``selector`` to satisfy state option.</doc>
<msg timestamp="20241110 15:22:29.019" level="INFO">Waited for Element with selector css=#swal2-title at state visible</msg>
<status status="PASS" starttime="20241110 15:22:29.004" endtime="20241110 15:22:29.019"/>
</kw>
<kw name="Get Text" library="Browser">
<arg>${ele}</arg>
<arg>equal</arg>
<arg>${target}</arg>
<tag>Assertion</tag>
<tag>Getter</tag>
<tag>PageContent</tag>
<doc>Returns text attribute of the element found by ``selector``.</doc>
<msg timestamp="20241110 15:22:29.052" level="INFO">Text: 'Tudo certo!'</msg>
<status status="PASS" starttime="20241110 15:22:29.019" endtime="20241110 15:22:29.052"/>
</kw>
<status status="PASS" starttime="20241110 15:22:29.003" endtime="20241110 15:22:29.052"/>
</kw>
<kw name="Finish Browser" library="base" type="TEARDOWN">
<kw name="Take Screenshot" library="Browser">
<arg>fullPage=true</arg>
<tag>PageContent</tag>
<doc>Takes a screenshot of the current window or element and saves it to disk.</doc>
<msg timestamp="20241110 15:22:29.212" level="INFO" html="true">&lt;/td&gt;&lt;/tr&gt;&lt;tr&gt;&lt;td colspan="3"&gt;&lt;a href="browser/screenshot/robotframework-browser-screenshot-9.png" target="_blank"&gt;&lt;img src="browser/screenshot/robotframework-browser-screenshot-9.png" width="800px"/&gt;&lt;/a&gt;</msg>
<status status="PASS" starttime="20241110 15:22:29.053" endtime="20241110 15:22:29.212"/>
</kw>
<status status="PASS" starttime="20241110 15:22:29.053" endtime="20241110 15:22:29.212"/>
</kw>
<tag>smoke</tag>
<status status="PASS" starttime="20241110 15:22:28.268" endtime="20241110 15:22:29.212"/>
</test>
<doc>Suíte de testes de login</doc>
<status status="PASS" starttime="20241110 15:22:19.356" endtime="20241110 15:22:29.252"/>
</suite>
<status status="PASS" starttime="20241110 15:22:19.341" endtime="20241110 15:22:29.259"/>
</suite>
<statistics>
<total>
<stat pass="5" fail="0" skip="0">All Tests</stat>
</total>
<tag>
<stat pass="1" fail="0" skip="0">smoke</stat>
</tag>
<suite>
<stat pass="5" fail="0" skip="0" id="s1" name="Tests">Tests</stat>
<stat pass="5" fail="0" skip="0" id="s1-s1" name="Login">Tests.Login</stat>
</suite>
</statistics>
<errors>
</errors>
</robot>
